c:\users\ramanlab\source\repos\microscopemanager\x64\debug\microscopemanager.pdb
c:\users\ramanlab\source\repos\microscopemanager\x64\debug\microscopemanager.idb
c:\users\ramanlab\source\repos\microscopemanager\microscopemanager\x64\debug\windowsserialmanager.obj
c:\users\ramanlab\source\repos\microscopemanager\microscopemanager\x64\debug\windowsserialdevice.obj
c:\users\ramanlab\source\repos\microscopemanager\microscopemanager\x64\debug\serialmanager.obj
c:\users\ramanlab\source\repos\microscopemanager\microscopemanager\x64\debug\serialdevice.obj
c:\users\ramanlab\source\repos\microscopemanager\microscopemanager\x64\debug\rawimagemanager.obj
c:\users\ramanlab\source\repos\microscopemanager\microscopemanager\x64\debug\microscopemanager.obj
c:\users\ramanlab\source\repos\microscopemanager\microscopemanager\x64\debug\imarisimagemanager.obj
c:\users\ramanlab\source\repos\microscopemanager\microscopemanager\x64\debug\imagemanager.obj
c:\users\ramanlab\source\repos\microscopemanager\microscopemanager\x64\debug\imagebuffer.obj
c:\users\ramanlab\source\repos\microscopemanager\microscopemanager\x64\debug\egrabbercameramanager.obj
c:\users\ramanlab\source\repos\microscopemanager\microscopemanager\x64\debug\camerathread.obj
c:\users\ramanlab\source\repos\microscopemanager\microscopemanager\x64\debug\cameramanager.obj
c:\users\ramanlab\source\repos\microscopemanager\microscopemanager\x64\debug\acquisitionthread.obj
c:\users\ramanlab\source\repos\microscopemanager\x64\debug\microscopemanager.lib
c:\users\ramanlab\source\repos\microscopemanager\microscopemanager\x64\debug\microsco.ee2a49c7.tlog\cl.command.1.tlog
c:\users\ramanlab\source\repos\microscopemanager\microscopemanager\x64\debug\microsco.ee2a49c7.tlog\cl.read.1.tlog
c:\users\ramanlab\source\repos\microscopemanager\microscopemanager\x64\debug\microsco.ee2a49c7.tlog\cl.write.1.tlog
c:\users\ramanlab\source\repos\microscopemanager\microscopemanager\x64\debug\microsco.ee2a49c7.tlog\lib-link.read.1.tlog
c:\users\ramanlab\source\repos\microscopemanager\microscopemanager\x64\debug\microsco.ee2a49c7.tlog\lib-link.write.1.tlog
c:\users\ramanlab\source\repos\microscopemanager\microscopemanager\x64\debug\microsco.ee2a49c7.tlog\lib.command.1.tlog
